===================================
Test file for Say My Name Module
==================================

import module:
>>> say_my_name =__import__("3-say_my_name").say_my_name

Test cases:
>>> say_my_name(1, 4)
Traceback (most recent call last):
  File "<stdin>", line 1, in <module>
  File "/root/alx-higher_level_programming/0x07-python-test_driven_development/3-say_my_name.py", line 4, in say_my_name
    raise TypeError("first_name must be a string")
TypeError: first_name must be a string
>>> say_my_name("ahmed", 1)
Traceback (most recent call last):
  File "<stdin>", line 1, in <module>
  File "/root/alx-higher_level_programming/0x07-python-test_driven_development/3-say_my_name.py", line 6, in say_my_name
    raise TypeError("last_name must be a string")
TypeError: last_name must be a string
>>> say_my_name()
Traceback (most recent call last):
  File "<stdin>", line 1, in <module>
TypeError: say_my_name() missing 1 required positional argument: 'first_name'
>>> say_my_name("ahmed", "zubairu")
My name is ahmed zubairu
>>> say_my_name(True)
Traceback (most recent call last):
  File "<stdin>", line 1, in <module>
  File "/root/alx-higher_level_programming/0x07-python-test_driven_development/3-say_my_name.py", line 4, in say_my_name
    raise TypeError("first_name must be a string")
TypeError: first_name must be a string
>>> say_my_name("", "zubairu")
My name is  zubairu
>>> say_my_name("", "")
My name is  
